mode: set
golangLearningProject/main/course/interface.go:21.15,36.2 4 0
golangLearningProject/main/course/interface.go:38.26,40.2 1 0
golangLearningProject/main/course/interface.go:42.29,44.2 1 0
golangLearningProject/main/course/interface.go:46.34,48.2 1 0
golangLearningProject/main/course/interface.go:49.33,51.2 1 0
golangLearningProject/main/course/interface.go:53.38,55.2 1 0
golangLearningProject/main/course/packages.go:8.19,12.2 3 0
golangLearningProject/main/course/particularLoops.go:5.14,14.2 8 0
golangLearningProject/main/course/particularLoops.go:16.25,19.33 2 0
golangLearningProject/main/course/particularLoops.go:19.33,21.3 1 0
golangLearningProject/main/course/particularLoops.go:25.35,28.33 2 0
golangLearningProject/main/course/particularLoops.go:28.33,30.3 1 0
golangLearningProject/main/course/particularLoops.go:33.39,39.33 4 0
golangLearningProject/main/course/particularLoops.go:39.33,41.3 1 0
golangLearningProject/main/course/particularLoops.go:43.29,49.42 4 0
golangLearningProject/main/course/particularLoops.go:49.42,51.3 1 0
golangLearningProject/main/course/readingAndWritingJSON.go:16.23,36.16 4 0
golangLearningProject/main/course/readingAndWritingJSON.go:39.2,60.16 16 0
golangLearningProject/main/course/readingAndWritingJSON.go:63.2,63.30 1 0
golangLearningProject/main/course/readingAndWritingJSON.go:36.16,38.3 1 0
golangLearningProject/main/course/readingAndWritingJSON.go:60.16,62.3 1 0
golangLearningProject/main/course/structures.go:8.22,32.2 14 0
golangLearningProject/main/course/structures.go:34.45,39.2 3 0
golangLearningProject/main/course/testLearning.go:8.29,10.16 2 0
golangLearningProject/main/course/testLearning.go:14.2,14.52 1 0
golangLearningProject/main/course/testLearning.go:10.16,13.3 2 0
golangLearningProject/main/course/testLearning.go:17.44,19.12 2 1
golangLearningProject/main/course/testLearning.go:22.2,23.20 2 1
golangLearningProject/main/course/testLearning.go:19.12,21.3 1 1
golangLearningProject/main/course/basics.go:21.16,37.2 9 0
golangLearningProject/main/course/basics.go:40.28,42.2 1 0
golangLearningProject/main/course/basics.go:45.43,47.2 1 0
golangLearningProject/main/course/basics.go:50.31,53.2 2 0
golangLearningProject/main/course/basics.go:56.33,58.2 1 0
golangLearningProject/main/course/channels.go:7.39,10.2 2 0
golangLearningProject/main/course/channels.go:12.21,19.2 4 0
